/usr/lib/python3/dist-packages/setuptools/dist.py:723: UserWarning: Usage of dash-separated 'script-dir' will not be supported in future versions. Please use the underscore name 'script_dir' instead
  warnings.warn(
[39mrunning develop[0m
[39mrunning egg_info[0m
[39mcreating localization.egg-info[0m
[39mwriting localization.egg-info/PKG-INFO[0m
[39mwriting dependency_links to localization.egg-info/dependency_links.txt[0m
[39mwriting entry points to localization.egg-info/entry_points.txt[0m
[39mwriting requirements to localization.egg-info/requires.txt[0m
[39mwriting top-level names to localization.egg-info/top_level.txt[0m
[39mwriting manifest file 'localization.egg-info/SOURCES.txt'[0m
[39mreading manifest file 'localization.egg-info/SOURCES.txt'[0m
[39mwriting manifest file 'localization.egg-info/SOURCES.txt'[0m
[39mrunning build_ext[0m
[39mbuilding 'scan_simulator_2d' extension[0m
[39mC compiler: aarch64-linux-gnu-gcc -Wno-unused-result -Wsign-compare -DNDEBUG -g -fwrapv -O2 -Wall -g -fstack-protector-strong -Wformat -Werror=format-security -g -fwrapv -O2 -g -fstack-protector-strong -Wformat -Werror=format-security -Wdate-time -D_FORTIFY_SOURCE=2 -fPIC
[0m
[39mcreating build[0m
[39mcreating build/temp.linux-aarch64-3.10[0m
[39mcreating build/temp.linux-aarch64-3.10/localization[0m
[39mcompile options: '-I/home/sim_ws/install/racecar_simulator/include -I/home/racecar/racecar_ws/src/localization/install/localization/include -I/usr/include/python3.10 -c'
extra options: '-Wno-cpp -g -Wno-maybe-uninitialized'[0m
[39maarch64-linux-gnu-gcc: localization/scan_simulator_2d.cpp[0m
[39mcreating build/lib.linux-aarch64-3.10[0m
[39maarch64-linux-gnu-g++ -shared -Wl,-O1 -Wl,-Bsymbolic-functions -Wl,-Bsymbolic-functions -g -fwrapv -O2 -Wl,-Bsymbolic-functions -g -fwrapv -O2 -g -fstack-protector-strong -Wformat -Werror=format-security -Wdate-time -D_FORTIFY_SOURCE=2 build/temp.linux-aarch64-3.10/localization/scan_simulator_2d.o -L/home/sim_ws/install/racecar_simulator/lib -lracecar_simulator -o build/lib.linux-aarch64-3.10/scan_simulator_2d.cpython-310-aarch64-linux-gnu.so[0m
[39mcopying build/lib.linux-aarch64-3.10/scan_simulator_2d.cpython-310-aarch64-linux-gnu.so -> [0m
[39mCreating /home/racecar/racecar_ws/src/localization/install/localization/lib/python3.10/site-packages/localization.egg-link (link to .)[0m
[39mInstalling motion_model_test script to /home/racecar/racecar_ws/src/localization/install/localization/lib/localization[0m
[39mInstalling particle_filter script to /home/racecar/racecar_ws/src/localization/install/localization/lib/localization[0m
[39mInstalling sensor_model_test script to /home/racecar/racecar_ws/src/localization/install/localization/lib/localization[0m
[39m
Installed /home/racecar/racecar_ws/src/localization/build/localization[0m
[39mrunning symlink_data[0m
[39mcreating /home/racecar/racecar_ws/src/localization/install/localization/share/ament_index[0m
[39mcreating /home/racecar/racecar_ws/src/localization/install/localization/share/ament_index/resource_index[0m
[39mcreating /home/racecar/racecar_ws/src/localization/install/localization/share/ament_index/resource_index/packages[0m
[39msymbolically linking /home/racecar/racecar_ws/src/localization/build/localization/resource/localization -> /home/racecar/racecar_ws/src/localization/install/localization/share/ament_index/resource_index/packages[0m
[39msymbolically linking /home/racecar/racecar_ws/src/localization/build/localization/package.xml -> /home/racecar/racecar_ws/src/localization/install/localization/share/localization[0m
[39msymbolically linking /home/racecar/racecar_ws/src/localization/build/localization/localization/params.yaml -> /home/racecar/racecar_ws/src/localization/install/localization/share/localization[0m
[39msymbolically linking /home/racecar/racecar_ws/src/localization/build/localization/localization/test/test_params.yaml -> /home/racecar/racecar_ws/src/localization/install/localization/share/localization[0m
[39mcreating /home/racecar/racecar_ws/src/localization/install/localization/share/localization/launch[0m
[39msymbolically linking /home/racecar/racecar_ws/src/localization/build/localization/launch/localize.launch.xml -> /home/racecar/racecar_ws/src/localization/install/localization/share/localization/launch[0m
[39msymbolically linking /home/racecar/racecar_ws/src/localization/build/localization/launch/unit_tests/sensor_model_test.launch.py -> /home/racecar/racecar_ws/src/localization/install/localization/share/localization/launch[0m
[39msymbolically linking /home/racecar/racecar_ws/src/localization/build/localization/launch/unit_tests/motion_model_test.launch.py -> /home/racecar/racecar_ws/src/localization/install/localization/share/localization/launch[0m
[39msymbolically linking /home/racecar/racecar_ws/src/localization/build/localization/launch/unit_tests/test_map.launch.xml -> /home/racecar/racecar_ws/src/localization/install/localization/share/localization/launch[0m
[39mcreating /home/racecar/racecar_ws/src/localization/install/localization/share/localization/test_map[0m
[39msymbolically linking /home/racecar/racecar_ws/src/localization/build/localization/test_map/test_map.yaml -> /home/racecar/racecar_ws/src/localization/install/localization/share/localization/test_map[0m
[39msymbolically linking /home/racecar/racecar_ws/src/localization/build/localization/test_map/test_map.png -> /home/racecar/racecar_ws/src/localization/install/localization/share/localization/test_map[0m
