[0.000000] (-) TimerEvent: {}
[0.000749] (localization) JobQueued: {'identifier': 'localization', 'dependencies': OrderedDict()}
[0.000911] (localization) JobStarted: {'identifier': 'localization'}
[0.101528] (-) TimerEvent: {}
[0.202468] (-) TimerEvent: {}
[0.305976] (-) TimerEvent: {}
[0.407509] (-) TimerEvent: {}
[0.510483] (-) TimerEvent: {}
[0.614462] (-) TimerEvent: {}
[0.717473] (-) TimerEvent: {}
[0.825541] (-) TimerEvent: {}
[0.884469] (localization) Command: {'cmd': ['/usr/bin/python3', '-W', 'ignore:setup.py install is deprecated', '-W', 'ignore:easy_install command is deprecated', 'setup.py', 'develop', '--editable', '--build-directory', '/home/racecar/racecar_ws/src/localization/build/localization/build', '--no-deps', 'symlink_data'], 'cwd': '/home/racecar/racecar_ws/src/localization/build/localization', 'env': {'PYTHONIOENCODING': 'utf-8', 'HOSTNAME': 'febcf5c966f3', 'SHLVL': '1', 'LD_LIBRARY_PATH': '/opt/ros/humble/opt/rviz_ogre_vendor/lib:/opt/ros/humble/lib/aarch64-linux-gnu:/opt/ros/humble/lib', 'HOME': '/home/racecar', 'OLDPWD': '/home/racecar/racecar_ws/src', 'ROS_PYTHON_VERSION': '3', 'COLCON_PREFIX_PATH': '/home/sim_ws/install:/home/racecar/racecar_ws/install', 'ROS_DISTRO': 'humble', '_': '/usr/bin/colcon', 'ROS_VERSION': '2', 'TERM': 'xterm', 'ROS_LOCALHOST_ONLY': '0', 'PATH': '/opt/ros/humble/bin:/usr/local/sbin:/usr/local/bin:/usr/sbin:/usr/bin:/sbin:/bin', 'LANG': 'en_US.UTF-8', 'AMENT_PREFIX_PATH': '/home/sim_ws/install/racecar_simulator:/opt/ros/humble', 'SIM_WS': '/home/sim_ws', 'PWD': '/home/racecar/racecar_ws/src/localization/build/localization', 'PYTHONPATH': '/home/racecar/racecar_ws/src/localization/build/localization/prefix_override:/usr/lib/python3/dist-packages/colcon_core/task/python/colcon_distutils_commands:/home/racecar/racecar_ws/src/localization/install/localization/lib/python3.10/site-packages:/opt/ros/humble/lib/python3.10/site-packages:/opt/ros/humble/local/lib/python3.10/dist-packages', 'NO_VNC_VERSION': '1.4.0', 'COLCON': '1', 'CMAKE_PREFIX_PATH': '/home/sim_ws/install/racecar_simulator'}, 'shell': False}
[0.929064] (-) TimerEvent: {}
[1.031223] (-) TimerEvent: {}
[1.133209] (-) TimerEvent: {}
[1.233720] (-) TimerEvent: {}
[1.266455] (localization) StderrLine: {'line': b"/usr/lib/python3/dist-packages/setuptools/dist.py:723: UserWarning: Usage of dash-separated 'script-dir' will not be supported in future versions. Please use the underscore name 'script_dir' instead\n"}
[1.266808] (localization) StderrLine: {'line': b'  warnings.warn(\n'}
[1.272894] (localization) StdoutLine: {'line': b'\x1b[39mrunning develop\x1b[0m\n'}
[1.312536] (localization) StdoutLine: {'line': b'\x1b[39mrunning egg_info\x1b[0m\n'}
[1.312901] (localization) StdoutLine: {'line': b'\x1b[39mcreating localization.egg-info\x1b[0m\n'}
[1.313473] (localization) StdoutLine: {'line': b'\x1b[39mwriting localization.egg-info/PKG-INFO\x1b[0m\n'}
[1.314866] (localization) StdoutLine: {'line': b'\x1b[39mwriting dependency_links to localization.egg-info/dependency_links.txt\x1b[0m\n'}
[1.315848] (localization) StdoutLine: {'line': b'\x1b[39mwriting entry points to localization.egg-info/entry_points.txt\x1b[0m\n'}
[1.316379] (localization) StdoutLine: {'line': b'\x1b[39mwriting requirements to localization.egg-info/requires.txt\x1b[0m\n'}
[1.316801] (localization) StdoutLine: {'line': b'\x1b[39mwriting top-level names to localization.egg-info/top_level.txt\x1b[0m\n'}
[1.317303] (localization) StdoutLine: {'line': b"\x1b[39mwriting manifest file 'localization.egg-info/SOURCES.txt'\x1b[0m\n"}
[1.321943] (localization) StdoutLine: {'line': b"\x1b[39mreading manifest file 'localization.egg-info/SOURCES.txt'\x1b[0m\n"}
[1.323329] (localization) StdoutLine: {'line': b"\x1b[39mwriting manifest file 'localization.egg-info/SOURCES.txt'\x1b[0m\n"}
[1.323508] (localization) StdoutLine: {'line': b'\x1b[39mrunning build_ext\x1b[0m\n'}
[1.323895] (localization) StdoutLine: {'line': b"\x1b[39mbuilding 'scan_simulator_2d' extension\x1b[0m\n"}
[1.324632] (localization) StdoutLine: {'line': b'\x1b[39mC compiler: aarch64-linux-gnu-gcc -Wno-unused-result -Wsign-compare -DNDEBUG -g -fwrapv -O2 -Wall -g -fstack-protector-strong -Wformat -Werror=format-security -g -fwrapv -O2 -g -fstack-protector-strong -Wformat -Werror=format-security -Wdate-time -D_FORTIFY_SOURCE=2 -fPIC\n'}
[1.324945] (localization) StdoutLine: {'line': b'\x1b[0m\n'}
[1.325146] (localization) StdoutLine: {'line': b'\x1b[39mcreating build\x1b[0m\n'}
[1.325309] (localization) StdoutLine: {'line': b'\x1b[39mcreating build/temp.linux-aarch64-3.10\x1b[0m\n'}
[1.325451] (localization) StdoutLine: {'line': b'\x1b[39mcreating build/temp.linux-aarch64-3.10/localization\x1b[0m\n'}
[1.325573] (localization) StdoutLine: {'line': b"\x1b[39mcompile options: '-I/home/sim_ws/install/racecar_simulator/include -I/home/racecar/racecar_ws/src/localization/install/localization/include -I/usr/include/python3.10 -c'\n"}
[1.325677] (localization) StdoutLine: {'line': b"extra options: '-Wno-cpp -g -Wno-maybe-uninitialized'\x1b[0m\n"}
[1.325849] (localization) StdoutLine: {'line': b'\x1b[39maarch64-linux-gnu-gcc: localization/scan_simulator_2d.cpp\x1b[0m\n'}
[1.334900] (-) TimerEvent: {}
[1.435769] (-) TimerEvent: {}
[1.539974] (-) TimerEvent: {}
[1.641475] (-) TimerEvent: {}
[1.743613] (-) TimerEvent: {}
[1.845294] (-) TimerEvent: {}
[1.946666] (-) TimerEvent: {}
[1.965862] (localization) StdoutLine: {'line': b'\x1b[39mcreating build/lib.linux-aarch64-3.10\x1b[0m\n'}
[1.966148] (localization) StdoutLine: {'line': b'\x1b[39maarch64-linux-gnu-g++ -shared -Wl,-O1 -Wl,-Bsymbolic-functions -Wl,-Bsymbolic-functions -g -fwrapv -O2 -Wl,-Bsymbolic-functions -g -fwrapv -O2 -g -fstack-protector-strong -Wformat -Werror=format-security -Wdate-time -D_FORTIFY_SOURCE=2 build/temp.linux-aarch64-3.10/localization/scan_simulator_2d.o -L/home/sim_ws/install/racecar_simulator/lib -lracecar_simulator -o build/lib.linux-aarch64-3.10/scan_simulator_2d.cpython-310-aarch64-linux-gnu.so\x1b[0m\n'}
[1.996194] (localization) StdoutLine: {'line': b'\x1b[39mcopying build/lib.linux-aarch64-3.10/scan_simulator_2d.cpython-310-aarch64-linux-gnu.so -> \x1b[0m\n'}
[1.997736] (localization) StdoutLine: {'line': b'\x1b[39mCreating /home/racecar/racecar_ws/src/localization/install/localization/lib/python3.10/site-packages/localization.egg-link (link to .)\x1b[0m\n'}
[1.999146] (localization) StdoutLine: {'line': b'\x1b[39mInstalling motion_model_test script to /home/racecar/racecar_ws/src/localization/install/localization/lib/localization\x1b[0m\n'}
[1.999790] (localization) StdoutLine: {'line': b'\x1b[39mInstalling particle_filter script to /home/racecar/racecar_ws/src/localization/install/localization/lib/localization\x1b[0m\n'}
[2.000357] (localization) StdoutLine: {'line': b'\x1b[39mInstalling sensor_model_test script to /home/racecar/racecar_ws/src/localization/install/localization/lib/localization\x1b[0m\n'}
[2.001198] (localization) StdoutLine: {'line': b'\x1b[39m\n'}
[2.001457] (localization) StdoutLine: {'line': b'Installed /home/racecar/racecar_ws/src/localization/build/localization\x1b[0m\n'}
[2.001663] (localization) StdoutLine: {'line': b'\x1b[39mrunning symlink_data\x1b[0m\n'}
[2.001854] (localization) StdoutLine: {'line': b'\x1b[39mcreating /home/racecar/racecar_ws/src/localization/install/localization/share/ament_index\x1b[0m\n'}
[2.002064] (localization) StdoutLine: {'line': b'\x1b[39mcreating /home/racecar/racecar_ws/src/localization/install/localization/share/ament_index/resource_index\x1b[0m\n'}
[2.002213] (localization) StdoutLine: {'line': b'\x1b[39mcreating /home/racecar/racecar_ws/src/localization/install/localization/share/ament_index/resource_index/packages\x1b[0m\n'}
[2.002431] (localization) StdoutLine: {'line': b'\x1b[39msymbolically linking /home/racecar/racecar_ws/src/localization/build/localization/resource/localization -> /home/racecar/racecar_ws/src/localization/install/localization/share/ament_index/resource_index/packages\x1b[0m\n'}
[2.002580] (localization) StdoutLine: {'line': b'\x1b[39msymbolically linking /home/racecar/racecar_ws/src/localization/build/localization/package.xml -> /home/racecar/racecar_ws/src/localization/install/localization/share/localization\x1b[0m\n'}
[2.002905] (localization) StdoutLine: {'line': b'\x1b[39msymbolically linking /home/racecar/racecar_ws/src/localization/build/localization/localization/params.yaml -> /home/racecar/racecar_ws/src/localization/install/localization/share/localization\x1b[0m\n'}
[2.003212] (localization) StdoutLine: {'line': b'\x1b[39msymbolically linking /home/racecar/racecar_ws/src/localization/build/localization/localization/test/test_params.yaml -> /home/racecar/racecar_ws/src/localization/install/localization/share/localization\x1b[0m\n'}
[2.003442] (localization) StdoutLine: {'line': b'\x1b[39mcreating /home/racecar/racecar_ws/src/localization/install/localization/share/localization/launch\x1b[0m\n'}
[2.003749] (localization) StdoutLine: {'line': b'\x1b[39msymbolically linking /home/racecar/racecar_ws/src/localization/build/localization/launch/localize.launch.xml -> /home/racecar/racecar_ws/src/localization/install/localization/share/localization/launch\x1b[0m\n'}
[2.004032] (localization) StdoutLine: {'line': b'\x1b[39msymbolically linking /home/racecar/racecar_ws/src/localization/build/localization/launch/unit_tests/sensor_model_test.launch.py -> /home/racecar/racecar_ws/src/localization/install/localization/share/localization/launch\x1b[0m\n'}
[2.004320] (localization) StdoutLine: {'line': b'\x1b[39msymbolically linking /home/racecar/racecar_ws/src/localization/build/localization/launch/unit_tests/motion_model_test.launch.py -> /home/racecar/racecar_ws/src/localization/install/localization/share/localization/launch\x1b[0m\n'}
[2.004631] (localization) StdoutLine: {'line': b'\x1b[39msymbolically linking /home/racecar/racecar_ws/src/localization/build/localization/launch/unit_tests/test_map.launch.xml -> /home/racecar/racecar_ws/src/localization/install/localization/share/localization/launch\x1b[0m\n'}
[2.004870] (localization) StdoutLine: {'line': b'\x1b[39mcreating /home/racecar/racecar_ws/src/localization/install/localization/share/localization/test_map\x1b[0m\n'}
[2.005150] (localization) StdoutLine: {'line': b'\x1b[39msymbolically linking /home/racecar/racecar_ws/src/localization/build/localization/test_map/test_map.yaml -> /home/racecar/racecar_ws/src/localization/install/localization/share/localization/test_map\x1b[0m\n'}
[2.005457] (localization) StdoutLine: {'line': b'\x1b[39msymbolically linking /home/racecar/racecar_ws/src/localization/build/localization/test_map/test_map.png -> /home/racecar/racecar_ws/src/localization/install/localization/share/localization/test_map\x1b[0m\n'}
[2.047718] (-) TimerEvent: {}
[2.094814] (localization) CommandEnded: {'returncode': 0}
[2.108235] (localization) JobEnded: {'identifier': 'localization', 'rc': 0}
[2.112581] (-) EventReactorShutdown: {}
